<?xml version="1.0" encoding="UTF-8"?>
<!-- Generated by org.testng.reporters.JUnitReportReporter -->
<testsuite hostname="LAPTOP-2HD7H7J7" failures="0" tests="2" name="com.abhibus.test.Tc_01_BusBooking" time="168.371" errors="0" timestamp="2025-06-12T12:17:33 IST" skipped="0">
  <testcase classname="com.abhibus.test.Tc_01_BusBooking" name="busBooking" time="55.245"/>
  <testcase classname="com.abhibus.test.Tc_01_BusBooking" name="busBooking" time="113.126"/>
</testsuite> <!-- com.abhibus.test.Tc_01_BusBooking -->
