<?xml version="1.0" encoding="UTF-8"?>
<testng-results ignored="0" total="2" passed="2" failed="0" skipped="0">
  <reporter-output>
  </reporter-output>
  <suite started-at="2025-06-12T12:14:39 IST" name="Abhibus Test Suite" finished-at="2025-06-12T12:17:33 IST" duration-ms="173640">
    <groups>
    </groups>
    <test started-at="2025-06-12T12:14:39 IST" name="Tc_01_Abhibus Booking Validation using chrome" finished-at="2025-06-12T12:15:36 IST" duration-ms="57388">
      <class name="com.abhibus.test.Tc_01_BusBooking">
        <test-method is-config="true" signature="beforeTest(java.lang.String)[pri:0, instance:com.abhibus.test.Tc_01_BusBooking@45752059]" started-at="2025-06-12T12:14:39 IST" name="beforeTest" finished-at="2025-06-12T12:14:41 IST" duration-ms="2079" status="PASS">
          <params>
            <param index="0">
              <value>
                <![CDATA[chrome]]>
              </value>
            </param>
          </params>
          <reporter-output>
          </reporter-output>
        </test-method> <!-- beforeTest -->
        <test-method signature="busBooking()[pri:0, instance:com.abhibus.test.Tc_01_BusBooking@45752059]" started-at="2025-06-12T12:14:41 IST" name="busBooking" finished-at="2025-06-12T12:15:36 IST" duration-ms="55245" status="PASS">
          <reporter-output>
          </reporter-output>
        </test-method> <!-- busBooking -->
        <test-method is-config="true" signature="afterTest()[pri:0, instance:com.abhibus.test.Tc_01_BusBooking@45752059]" started-at="2025-06-12T12:15:36 IST" name="afterTest" finished-at="2025-06-12T12:15:36 IST" duration-ms="0" status="PASS">
          <reporter-output>
          </reporter-output>
        </test-method> <!-- afterTest -->
      </class> <!-- com.abhibus.test.Tc_01_BusBooking -->
    </test> <!-- Tc_01_Abhibus Booking Validation using chrome -->
    <test started-at="2025-06-12T12:15:36 IST" name="Tc_01_Abhibus Booking Validation using edge" finished-at="2025-06-12T12:17:33 IST" duration-ms="116190">
      <class name="com.abhibus.test.Tc_01_BusBooking">
        <test-method is-config="true" signature="beforeTest(java.lang.String)[pri:0, instance:com.abhibus.test.Tc_01_BusBooking@49438269]" started-at="2025-06-12T12:15:36 IST" name="beforeTest" finished-at="2025-06-12T12:15:40 IST" duration-ms="3045" status="PASS">
          <params>
            <param index="0">
              <value>
                <![CDATA[Edge]]>
              </value>
            </param>
          </params>
          <reporter-output>
          </reporter-output>
        </test-method> <!-- beforeTest -->
        <test-method signature="busBooking()[pri:0, instance:com.abhibus.test.Tc_01_BusBooking@49438269]" started-at="2025-06-12T12:15:40 IST" name="busBooking" finished-at="2025-06-12T12:17:33 IST" duration-ms="113126" status="PASS">
          <reporter-output>
          </reporter-output>
        </test-method> <!-- busBooking -->
        <test-method is-config="true" signature="afterTest()[pri:0, instance:com.abhibus.test.Tc_01_BusBooking@49438269]" started-at="2025-06-12T12:17:33 IST" name="afterTest" finished-at="2025-06-12T12:17:33 IST" duration-ms="1" status="PASS">
          <reporter-output>
          </reporter-output>
        </test-method> <!-- afterTest -->
      </class> <!-- com.abhibus.test.Tc_01_BusBooking -->
    </test> <!-- Tc_01_Abhibus Booking Validation using edge -->
  </suite> <!-- Abhibus Test Suite -->
</testng-results>
